<?xml version="1.0" encoding="UTF-8"?>
<testsuite xmlns:xsi="http://www.w3.org/2001/XMLSchema-instance" xsi:noNamespaceSchemaLocation="https://maven.apache.org/surefire/maven-surefire-plugin/xsd/surefire-test-report-3.0.xsd" version="3.0" name="aed.BerretacoinTests" time="20.843" tests="15" errors="0" skipped="0" failures="0">
  <properties>
    <property name="java.specification.version" value="24"/>
    <property name="sun.cpu.isalist" value="amd64"/>
    <property name="sun.jnu.encoding" value="Cp1252"/>
    <property name="java.class.path" value="C:\Users\juanp\Documents\Licenciatura\Algoritmos 2 2025\Tp2Algo2_Code4Java\estudiantes\target\test-classes;C:\Users\juanp\Documents\Licenciatura\Algoritmos 2 2025\Tp2Algo2_Code4Java\estudiantes\target\classes;C:\Users\juanp\.m2\repository\org\junit\jupiter\junit-jupiter-engine\5.9.2\junit-jupiter-engine-5.9.2.jar;C:\Users\juanp\.m2\repository\org\junit\platform\junit-platform-engine\1.9.2\junit-platform-engine-1.9.2.jar;C:\Users\juanp\.m2\repository\org\opentest4j\opentest4j\1.2.0\opentest4j-1.2.0.jar;C:\Users\juanp\.m2\repository\org\junit\platform\junit-platform-commons\1.9.2\junit-platform-commons-1.9.2.jar;C:\Users\juanp\.m2\repository\org\junit\jupiter\junit-jupiter-api\5.9.2\junit-jupiter-api-5.9.2.jar;C:\Users\juanp\.m2\repository\org\apiguardian\apiguardian-api\1.1.2\apiguardian-api-1.1.2.jar;"/>
    <property name="java.vm.vendor" value="Oracle Corporation"/>
    <property name="sun.arch.data.model" value="64"/>
    <property name="user.variant" value=""/>
    <property name="java.vendor.url" value="https://java.oracle.com/"/>
    <property name="user.timezone" value="America/Buenos_Aires"/>
    <property name="os.name" value="Windows 11"/>
    <property name="java.vm.specification.version" value="24"/>
    <property name="user.country" value="AR"/>
    <property name="sun.java.launcher" value="SUN_STANDARD"/>
    <property name="sun.boot.library.path" value="C:\Program Files\Java\jdk-24\bin"/>
    <property name="sun.java.command" value="C:\Users\juanp\AppData\Local\Temp\surefire7178846292516687468\surefirebooter-20250716184416476_3.jar C:\Users\juanp\AppData\Local\Temp\surefire7178846292516687468 2025-07-16T18-44-16_122-jvmRun1 surefire-20250716184416476_1tmp surefire_0-20250716184416476_2tmp"/>
    <property name="jdk.debug" value="release"/>
    <property name="test" value="aed.BerretacoinTests"/>
    <property name="surefire.test.class.path" value="C:\Users\juanp\Documents\Licenciatura\Algoritmos 2 2025\Tp2Algo2_Code4Java\estudiantes\target\test-classes;C:\Users\juanp\Documents\Licenciatura\Algoritmos 2 2025\Tp2Algo2_Code4Java\estudiantes\target\classes;C:\Users\juanp\.m2\repository\org\junit\jupiter\junit-jupiter-engine\5.9.2\junit-jupiter-engine-5.9.2.jar;C:\Users\juanp\.m2\repository\org\junit\platform\junit-platform-engine\1.9.2\junit-platform-engine-1.9.2.jar;C:\Users\juanp\.m2\repository\org\opentest4j\opentest4j\1.2.0\opentest4j-1.2.0.jar;C:\Users\juanp\.m2\repository\org\junit\platform\junit-platform-commons\1.9.2\junit-platform-commons-1.9.2.jar;C:\Users\juanp\.m2\repository\org\junit\jupiter\junit-jupiter-api\5.9.2\junit-jupiter-api-5.9.2.jar;C:\Users\juanp\.m2\repository\org\apiguardian\apiguardian-api\1.1.2\apiguardian-api-1.1.2.jar;"/>
    <property name="sun.cpu.endian" value="little"/>
    <property name="user.home" value="C:\Users\juanp"/>
    <property name="user.language" value="es"/>
    <property name="java.specification.vendor" value="Oracle Corporation"/>
    <property name="java.version.date" value="2025-03-18"/>
    <property name="java.home" value="C:\Program Files\Java\jdk-24"/>
    <property name="file.separator" value="\"/>
    <property name="basedir" value="C:\Users\juanp\Documents\Licenciatura\Algoritmos 2 2025\Tp2Algo2_Code4Java\estudiantes"/>
    <property name="java.vm.compressedOopsMode" value="32-bit"/>
    <property name="line.separator" value="&#10;"/>
    <property name="java.vm.specification.vendor" value="Oracle Corporation"/>
    <property name="java.specification.name" value="Java Platform API Specification"/>
    <property name="surefire.real.class.path" value="C:\Users\juanp\AppData\Local\Temp\surefire7178846292516687468\surefirebooter-20250716184416476_3.jar"/>
    <property name="user.script" value=""/>
    <property name="sun.management.compiler" value="HotSpot 64-Bit Tiered Compilers"/>
    <property name="java.runtime.version" value="24+36-3646"/>
    <property name="user.name" value="Catalina"/>
    <property name="stdout.encoding" value="Cp1252"/>
    <property name="path.separator" value=";"/>
    <property name="os.version" value="10.0"/>
    <property name="java.runtime.name" value="Java(TM) SE Runtime Environment"/>
    <property name="file.encoding" value="UTF-8"/>
    <property name="java.vm.name" value="Java HotSpot(TM) 64-Bit Server VM"/>
    <property name="maven.ext.class.path" value="C:\Users\juanp\.vscode\extensions\oracle.oracle-java-24.0.0\nbcode\java\maven-nblib\netbeans-eventspy.jar"/>
    <property name="localRepository" value="C:\Users\juanp\.m2\repository"/>
    <property name="java.vendor.url.bug" value="https://bugreport.java.com/bugreport/"/>
    <property name="java.io.tmpdir" value="C:\Users\juanp\AppData\Local\Temp\"/>
    <property name="java.version" value="24"/>
    <property name="user.dir" value="C:\Users\juanp\Documents\Licenciatura\Algoritmos 2 2025\Tp2Algo2_Code4Java\estudiantes"/>
    <property name="os.arch" value="amd64"/>
    <property name="java.vm.specification.name" value="Java Virtual Machine Specification"/>
    <property name="sun.os.patch.level" value=""/>
    <property name="native.encoding" value="Cp1252"/>
    <property name="java.library.path" value="C:\Program Files\Java\jdk-24\bin;C:\WINDOWS\Sun\Java\bin;C:\WINDOWS\system32;C:\WINDOWS;C:\Program Files\Common Files\Oracle\Java\javapath;C:\WINDOWS\system32;C:\WINDOWS;C:\WINDOWS\System32\Wbem;C:\WINDOWS\System32\WindowsPowerShell\v1.0\;C:\WINDOWS\System32\OpenSSH\;C:\Program Files\dotnet\;C:\ProgramData\chocolatey\bin;C:\Users\juanp\AppData\Local\Programs\Python\Python313\Scripts\;C:\Users\juanp\AppData\Local\Programs\Python\Python313\;C:\Users\juanp\AppData\Local\Programs\Python\Launcher\;C:\Program Files\Common Files\Oracle\Java\javapath;C:\WINDOWS\system32;C:\WINDOWS;C:\WINDOWS\System32\Wbem;C:\WINDOWS\System32\WindowsPowerShell\v1.0\;C:\WINDOWS\System32\OpenSSH\;C:\Program Files\dotnet\;C:\ProgramData\chocolatey\bin;C:\Program Files\Common Files\Oracle\Java\javapath;C:\WINDOWS\system32;C:\WINDOWS;C:\WINDOWS\System32\Wbem;C:\WINDOWS\System32\WindowsPowerShell\v1.0\;C:\WINDOWS\System32\OpenSSH\;C:\Program Files\dotnet\;C:\ProgramData\chocolatey\bin;PATH A LA CARPETA DONDE SE COLOCO LA DESCOMPRESION DE MAVEN\apache-maven-3.9.4\bin;C:\Users\juanp\AppData\Local\Programs\Microsoft VS Code\bin;C:\Program Files\Java\jdk-20&quot;\bin;."/>
    <property name="java.vm.info" value="mixed mode, sharing"/>
    <property name="stderr.encoding" value="Cp1252"/>
    <property name="java.vendor" value="Oracle Corporation"/>
    <property name="java.vm.version" value="24+36-3646"/>
    <property name="sun.io.unicode.encoding" value="UnicodeLittle"/>
    <property name="java.class.version" value="68.0"/>
  </properties>
  <testcase name="hackeoUnicaTransaccion" classname="aed.BerretacoinTests" time="0.115"/>
  <testcase name="maximoTenedorEsElMinimoCuandoNuevo" classname="aed.BerretacoinTests" time="0.003"/>
  <testcase name="hackeoTotalDeBloque" classname="aed.BerretacoinTests" time="0.003"/>
  <testcase name="empatesEnTransaccionMayorValor" classname="aed.BerretacoinTests" time="0.005"/>
  <testcase name="empatesEnMaximoTenedor" classname="aed.BerretacoinTests" time="0.003"/>
  <testcase name="agregarVariosBloques" classname="aed.BerretacoinTests" time="0.007"/>
  <testcase name="multiplesBloquesPequenos" classname="aed.BerretacoinTests" time="0.006"/>
  <testcase name="hackearVariasVeces" classname="aed.BerretacoinTests" time="0.006"/>
  <testcase name="agregarBloque" classname="aed.BerretacoinTests" time="0.079"/>
  <testcase name="bloqueConSoloTransaccionDeCreacion" classname="aed.BerretacoinTests" time="0.003"/>
  <testcase name="hackearConVariosBloques" classname="aed.BerretacoinTests" time="0.001"/>
  <testcase name="testStress" classname="aed.BerretacoinTests" time="20.476"/>
  <testcase name="hackearConUnBloque" classname="aed.BerretacoinTests" time="0.001"/>
  <testcase name="hackeoAfectaSaldos" classname="aed.BerretacoinTests" time="0.001"/>
  <testcase name="unSoloUsuario" classname="aed.BerretacoinTests" time="0.001"/>
</testsuite>